<?xml version="1.0" encoding="UTF-8"?>
<!-- Generated by org.testng.reporters.JUnitReportReporter -->
<testsuite hostname="CFS-LP-0017" failures="0" tests="1" name="excelUtils.UserDataManager" time="4.561" errors="0" timestamp="2022-12-12T11:36:29 IST" skipped="0">
  <testcase classname="excelUtils.UserDataManager" name="WriteUserData" time="4.561"/>
  <system-out/>
</testsuite> <!-- excelUtils.UserDataManager -->
