<?xml version="1.0" encoding="UTF-8"?>
<!-- Generated by org.testng.reporters.JUnitReportReporter -->
<testsuite hostname="CFS-LP-0017" failures="0" tests="1" name="excelUtils.UserData" time="1.571" errors="0" timestamp="2022-12-13T15:50:53 IST" skipped="0">
  <testcase classname="excelUtils.UserData" name="createFile" time="1.571"/>
  <system-out/>
</testsuite> <!-- excelUtils.UserData -->
