<?xml version="1.0" encoding="UTF-8"?>
<!-- Generated by org.testng.reporters.JUnitReportReporter -->
<testsuite hostname="CFS-LP-0017" failures="0" tests="3" name="excelUtils.StaticData" time="15.723" errors="0" timestamp="2022-11-29T12:16:39 IST" skipped="0">
  <testcase classname="excelUtils.StaticData" name="getBottlerData" time="7.238"/>
  <system-out/>
  <testcase classname="excelUtils.StaticData" name="getBottlerData" time="4.566"/>
  <system-out/>
  <testcase classname="excelUtils.StaticData" name="getBottlerData" time="3.919"/>
  <system-out/>
</testsuite> <!-- excelUtils.StaticData -->
