<?xml version="1.0" encoding="UTF-8"?>
<!-- Generated by org.testng.reporters.JUnitReportReporter -->
<testsuite hostname="CFS-LP-0064" failures="0" tests="1" name="excelUtils.ProductDataManager" time="3.287" errors="0" timestamp="2022-12-14T12:09:32 IST" skipped="0">
  <testcase classname="excelUtils.ProductDataManager" name="writeProductCondition" time="3.287"/>
  <system-out/>
</testsuite> <!-- excelUtils.ProductDataManager -->
